<?xml version="1.0" encoding="UTF-8"?>
<!-- Generated by org.testng.reporters.JUnitReportReporter -->
<testsuite skipped="0" hostname="NAG1-LHP-N06618" name="main.trialtest" tests="4" failures="0" timestamp="29 Dec 2018 07:20:49 GMT" time="36.015" errors="0">
  <testcase name="aLogin" time="25.840" classname="main.trialtest"/>
  <testcase name="dLogout" time="0.595" classname="main.trialtest"/>
  <testcase name="bProfile" time="8.200" classname="main.trialtest"/>
  <testcase name="cMyServices" time="1.380" classname="main.trialtest"/>
</testsuite> <!-- main.trialtest -->
