<?xml version="1.0" encoding="UTF-8"?>
<!-- Generated by org.testng.reporters.JUnitReportReporter -->
<testsuite skipped="0" hostname="NAG1-LHP-N06618" name="main.QuintInsti" tests="4" failures="0" timestamp="29 Dec 2018 08:01:52 GMT" time="38.127" errors="0">
  <testcase name="login" time="28.954" classname="main.QuintInsti"/>
  <testcase name="totout" time="0.521" classname="main.QuintInsti"/>
  <testcase name="profile" time="7.269" classname="main.QuintInsti"/>
  <testcase name="services" time="1.383" classname="main.QuintInsti"/>
</testsuite> <!-- main.QuintInsti -->
